Arguments: 
  C:\Program Files\nodejs\node.exe C:\Users\Shaun\AppData\Roaming\npm\node_modules\yarn\bin\yarn.js install

PATH: 
  C:\Users\Shaun\anaconda3;C:\Users\Shaun\anaconda3\Library\mingw-w64\bin;C:\Users\Shaun\anaconda3\Library\usr\bin;C:\Users\Shaun\anaconda3\Library\bin;C:\Users\Shaun\anaconda3\Scripts;C:\Users\Shaun\anaconda3\bin;C:\Users\Shaun\anaconda3\condabin;C:\Program Files (x86)\Common Files\Oracle\Java\javapath;C:\Program Files\NVIDIA GPU Computing Toolkit\CUDA\v11.8\bin;C:\Program Files\NVIDIA GPU Computing Toolkit\CUDA\v11.8\libnvvp;C:\Program Files\NVIDIA GPU Computing Toolkit\CUDA\v11.7\bin;C:\Program Files\NVIDIA GPU Computing Toolkit\CUDA\v11.7\libnvvp;C:\Windows\system32;C:\Windows;C:\Windows\System32\Wbem;C:\Windows\System32\WindowsPowerShell\v1.0;C:\Windows\System32\OpenSSH;C:\Program Files (x86)\NVIDIA Corporation\PhysX\Common;C:\Program Files\dotnet;C:\Program Files\Git\cmd;C:\Program Files\NVIDIA Corporation\NVIDIA NvDLISR;C:\Users\Shaun\AppData\Local\Programs\Python\Python311;C:\Program Files (x86)\Java\jre1.8.0_351\bin;C:\Users\Shaun\AppData\Roaming\nvm;C:\Program Files\nodejs;C:\Program Files\nodejs;C:\Users\Shaun\AppData\Roaming\Python\Scripts;C:\Program Files\wkhtmltopdf;C:\Users\Shaun\AppData\Roaming\Python\Python311\Scripts;C:\Program Files\NVIDIA Corporation\Nsight Compute 2022.3.0;C:\Program Files\GitHub CLI;C:\Program Files\OpenSSL-;C:\Program Files (x86)\Microsoft\Edge\Application;C:\Program Files (x86)\Common Files\Oracle\Java\javapath;C:\Windows\system32;C:\Windows;C:\Windows\System32\Wbem;C:\Windows\System32\WindowsPowerShell\v1.0;C:\Windows\System32\OpenSSH;C:\Program Files (x86)\NVIDIA Corporation\PhysX\Common;C:\Program Files\dotnet;C:\Program Files\Git\cmd;C:\Program Files\NVIDIA Corporation\NVIDIA NvDLISR;C:\Program Files\Docker\Docker\resources\bin;C:\Users\Shaun\AppData\Local\Programs\Python\Python311;C:\Program Files (x86)\Java\jre1.8.0_351\bin;C:\Program Files\Cloudflare\Cloudflare WARP;C:\Users\Shaun\AppData\Roaming\nvm;C:\Program Files\nodejs;C:\Program Files\nodejs;C:\Users\Shaun\scoop\shims;C:\Users\Shaun\.cargo\bin;C:\Users\Shaun\AppData\Local\Programs\Python\Python311\Scripts;C:\Users\Shaun\AppData\Local\Programs\Python\Python311;C:\Users\Shaun\AppData\Local\Programs\Python\Python310\Scripts;C:\Users\Shaun\AppData\Local\Programs\Python\Python310;C:\Users\Shaun\AppData\Local\Microsoft\WindowsApps;C:\Users\Shaun\AppData\Local\Programs\Microsoft VS Code\bin;C:\Users\Shaun\AppData\Local\GitHubDesktop\bin;C:\Users\Shaun\.detaspace\bin;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;C:\Program Files\JetBrains\PyCharm Community Edition 2022.3.1\bin;.;C:\Users\Shaun\AppData\Roaming\nvm;C:\Program Files\nodejs;C:\Users\Shaun\AppData\Roaming\npm;<new_directory>;C:\Users\Shaun\AppData\Local\Robomotion\bin

Yarn version: 
  1.22.19

Node version: 
  18.13.0

Platform: 
  win32 x64

Trace: 
  SyntaxError: C:\Users\Shaun\cursor\streamingLiveToggles\package.json: Unexpected string in JSON at position 637
      at JSON.parse (<anonymous>)
      at C:\Users\Shaun\AppData\Roaming\npm\node_modules\yarn\lib\cli.js:1629:59
      at Generator.next (<anonymous>)
      at step (C:\Users\Shaun\AppData\Roaming\npm\node_modules\yarn\lib\cli.js:310:30)
      at C:\Users\Shaun\AppData\Roaming\npm\node_modules\yarn\lib\cli.js:321:13

npm manifest: 
  {
    "name": "deepgram-streaming-transcription",
    "version": "1.0.0",
    "description": "A DEEPGRAM streaming transcription app with diarization and Smart Format, hosted on Vercel using edge functions.",
    "main": "api/edge-function.js",
    "scripts": {
      "start": "vercel dev",
      "deploy": "vercel",
      "build": "vercel build"
    },
    "dependencies": {
      "@vercel/node": "^1.12.1",
      "deepgram": "^1.0.0"
    },
    "devDependencies": {},
    "repository": {
      "type": "git",
      "url": "https://github.com/yourusername/deepgram-streaming-transcription.git"
    },
    "author": "Your Name <youremail@example.com>",
    "license": "MIT"
  
    "dependencies": {
      "frisbee": "^3.1.2"
    }
  }

yarn manifest: 
  No manifest

Lockfile: 
  No lockfile
